{
  "0 debug pnpm:scope": {
    "selected": 1
  },
  "1 debug pnpm:package-manifest": {
    "initial": {
      "name": "niceoppai-scrup",
      "version": "0.0.1",
      "scripts": {
        "dev": "vite dev",
        "build": "vite build",
        "package": "svelte-kit package",
        "preview": "vite preview",
        "prepare": "svelte-kit sync",
        "check": "svelte-check --tsconfig ./tsconfig.json",
        "check:watch": "svelte-check --tsconfig ./tsconfig.json --watch",
        "lint": "prettier --check --plugin-search-dir=. . && eslint .",
        "format": "prettier --write --plugin-search-dir=. ."
      },
      "devDependencies": {
        "@sveltejs/adapter-auto": "next",
        "@sveltejs/kit": "next",
        "@typescript-eslint/eslint-plugin": "^5.27.0",
        "@typescript-eslint/parser": "^5.27.0",
        "eslint": "^8.16.0",
        "eslint-config-prettier": "^8.3.0",
        "eslint-plugin-svelte3": "^4.0.0",
        "prettier": "^2.6.2",
        "prettier-plugin-svelte": "^2.7.0",
        "svelte": "^3.44.0",
        "svelte-check": "^2.7.1",
        "svelte-preprocess": "^4.10.6",
        "tslib": "^2.3.1",
        "typescript": "^4.7.4",
        "vite": "^2.9.13"
      },
      "type": "module"
    },
    "prefix": "D:\\Github\\niceoppai-scrup"
  },
  "2 debug pnpm:context": {
    "currentLockfileExists": false,
    "storeDir": "D:\\.pnpm-store\\v3",
    "virtualStoreDir": "D:\\Github\\niceoppai-scrup\\node_modules\\.pnpm"
  },
  "3 debug pnpm:stage": {
    "prefix": "D:\\Github\\niceoppai-scrup",
    "stage": "resolution_started"
  },
  "4 debug pnpm:_dependency_resolved": {
    "resolution": "registry.npmjs.org/eslint-config-prettier/8.5.0",
    "wanted": {
      "dependentId": ".",
      "name": "eslint-config-prettier",
      "rawSpec": "^8.3.0"
    }
  },
  "5 debug pnpm:progress": {
    "packageId": "registry.npmjs.org/eslint-config-prettier/8.5.0",
    "requester": "D:\\Github\\niceoppai-scrup",
    "status": "resolved"
  },
  "6 error pnpm": {
    "code": "ENOENT",
    "pkgsStack": [],
    "err": {
      "name": "pnpm",
      "message": "not found: node",
      "code": "ENOENT",
      "stack": "pnpm: not found: node\n    at getNotFoundError (C:\\snapshot\\dist\\pnpm.cjs)\n    at Function.whichSync [as sync] (C:\\snapshot\\dist\\pnpm.cjs)\n    at getCommandAbsolutePathSync (C:\\snapshot\\dist\\pnpm.cjs)\n    at Object.sync (C:\\snapshot\\dist\\pnpm.cjs)\n    at getSystemNodeVersionNonCached (C:\\snapshot\\dist\\pnpm.cjs)\n    at getSystemNodeVersionNonCached (C:\\snapshot\\dist\\pnpm.cjs)\n    at checkPackage (C:\\snapshot\\dist\\pnpm.cjs)\n    at packageIsInstallable (C:\\snapshot\\dist\\pnpm.cjs)\n    at resolveAndFetch (C:\\snapshot\\dist\\pnpm.cjs)\n    at processTicksAndRejections (internal/process/task_queues.js:95:5)"
    }
  },
  "7 debug pnpm:_dependency_resolved": {
    "resolution": "registry.npmjs.org/eslint-plugin-svelte3/4.0.0",
    "wanted": {
      "dependentId": ".",
      "name": "eslint-plugin-svelte3",
      "rawSpec": "^4.0.0"
    }
  },
  "8 debug pnpm:progress": {
    "packageId": "registry.npmjs.org/eslint-plugin-svelte3/4.0.0",
    "requester": "D:\\Github\\niceoppai-scrup",
    "status": "resolved"
  },
  "9 debug pnpm:_dependency_resolved": {
    "resolution": "registry.npmjs.org/prettier-plugin-svelte/2.7.0",
    "wanted": {
      "dependentId": ".",
      "name": "prettier-plugin-svelte",
      "rawSpec": "^2.7.0"
    }
  },
  "10 debug pnpm:progress": {
    "packageId": "registry.npmjs.org/prettier-plugin-svelte/2.7.0",
    "requester": "D:\\Github\\niceoppai-scrup",
    "status": "resolved"
  },
  "11 debug pnpm:_dependency_resolved": {
    "resolution": "registry.npmjs.org/svelte-check/2.8.0",
    "wanted": {
      "dependentId": ".",
      "name": "svelte-check",
      "rawSpec": "^2.7.1"
    }
  },
  "12 debug pnpm:progress": {
    "packageId": "registry.npmjs.org/svelte-check/2.8.0",
    "requester": "D:\\Github\\niceoppai-scrup",
    "status": "resolved"
  },
  "13 debug pnpm:_dependency_resolved": {
    "resolution": "registry.npmjs.org/tslib/2.4.0",
    "wanted": {
      "dependentId": ".",
      "name": "tslib",
      "rawSpec": "^2.3.1"
    }
  },
  "14 debug pnpm:progress": {
    "packageId": "registry.npmjs.org/tslib/2.4.0",
    "requester": "D:\\Github\\niceoppai-scrup",
    "status": "resolved"
  }
}